{
  "RSpec": {
    "coverage": {
      "/Users/josephbudina/code_projects/fx_chain_notepad_api/lib/controllers/fx_chains_controller.rb": {
        "lines": [
          1,
          null,
          1,
          1,
          1,
          null,
          1,
          null,
          null,
          null,
          null,
          null,
          1,
          0,
          null,
          0,
          null,
          null,
          0,
          null,
          null,
          null,
          null,
          null
        ]
      }
    },
    "timestamp": 1744509709
  }
}
